<?xml version="1.0" encoding="UTF-8"?>
<!-- Generated by org.testng.reporters.JUnitReportReporter -->
<testsuite hostname="TYC1121225" failures="0" tests="1" name="vtiger.product.CreateAProduct" time="20.425" errors="0" timestamp="2023-03-23T14:19:03 IST" skipped="0">
  <testcase classname="vtiger.product.CreateAProduct" name="createProductWithVendorDetails" time="20.425"/>
  <system-out/>
</testsuite> <!-- vtiger.product.CreateAProduct -->
