<?xml version="1.0" encoding="UTF-8"?>
<!-- Generated by org.testng.reporters.JUnitReportReporter -->
<testsuite hostname="TYC1121225" failures="0" tests="1" name="vtiger.leads.ToCreateALeadTest" time="11.317" errors="0" timestamp="2023-03-28T16:37:29 IST" skipped="0">
  <testcase classname="vtiger.leads.ToCreateALeadTest" name="toCreateALeadAndToVerifyTheLead" time="11.317"/>
  <system-out/>
</testsuite> <!-- vtiger.leads.ToCreateALeadTest -->
