<?xml version="1.0" encoding="UTF-8"?>
<!-- Generated by org.testng.reporters.JUnitReportReporter -->
<testsuite hostname="DESKTOP-4AB5MDH" failures="0" tests="1" name="vtiger.basicTestScript.ToCreateALeadANdToEdit" time="0.018" errors="0" timestamp="2023-03-27T13:28:41 IST" skipped="0">
  <testcase classname="vtiger.basicTestScript.ToCreateALeadANdToEdit" name="toCreateALeadAndEditTheLeadAndVerify" time="0.018"/>
  <system-out/>
</testsuite> <!-- vtiger.basicTestScript.ToCreateALeadANdToEdit -->
