<?xml version="1.0" encoding="UTF-8"?>
<!-- Generated by org.testng.reporters.JUnitReportReporter -->
<testsuite hostname="TYC1121225" failures="0" tests="1" name="vtiger.basicTestScript.ToCreateALeadANdToEdit" time="0.005" errors="0" timestamp="2023-03-10T13:52:26 IST" skipped="0">
  <testcase classname="vtiger.basicTestScript.ToCreateALeadANdToEdit" name="toCreateALeadAndEditTheLeadAndVerify" time="0.005"/>
  <system-out/>
</testsuite> <!-- vtiger.basicTestScript.ToCreateALeadANdToEdit -->
