<?xml version="1.0" encoding="UTF-8"?>
<!-- Generated by org.testng.reporters.JUnitReportReporter -->
<testsuite hostname="TYC1121225" failures="0" tests="1" name="vtiger.basicTestScript.ToCreateALeadALeadTest" time="0.011" errors="0" timestamp="2023-03-10T13:52:26 IST" skipped="0">
  <testcase classname="vtiger.basicTestScript.ToCreateALeadALeadTest" name="toCreateALeadAndVerifyLeadTest" time="0.011"/>
  <system-out/>
</testsuite> <!-- vtiger.basicTestScript.ToCreateALeadALeadTest -->
